0 info it worked if it ends with ok
1 verbose cli [ 'node', '/usr/local/bin/npm', 'install' ]
2 info using npm@2.11.2
3 info using node@v0.12.5
4 verbose node symlink /usr/local/bin/node
5 verbose readDependencies loading dependencies from /Users/sbfestival/dev/project1/package.json
6 warn package.json project1@1.0.0 No description
7 warn package.json project1@1.0.0 No README data
8 verbose install where, deps [ '/Users/sbfestival/dev/project1',
8 verbose install   [ 'bcrypt',
8 verbose install     'body-parser',
8 verbose install     'cors',
8 verbose install     'express',
8 verbose install     'express-session',
8 verbose install     'mongo',
8 verbose install     'mongoose',
8 verbose install     'underscore' ] ]
9 verbose install where, peers [ '/Users/sbfestival/dev/project1', [] ]
10 verbose installManyTop reading for lifecycle /Users/sbfestival/dev/project1/package.json
11 info preinstall project1@1.0.0
12 verbose installManyTop reading scoped package data from /Users/sbfestival/dev/project1/node_modules/bcrypt/package.json
13 verbose installManyTop reading scoped package data from /Users/sbfestival/dev/project1/node_modules/body-parser/package.json
14 verbose installManyTop reading scoped package data from /Users/sbfestival/dev/project1/node_modules/cors/package.json
15 verbose installManyTop reading scoped package data from /Users/sbfestival/dev/project1/node_modules/express/package.json
16 verbose installManyTop reading scoped package data from /Users/sbfestival/dev/project1/node_modules/express-session/package.json
17 verbose installManyTop reading scoped package data from /Users/sbfestival/dev/project1/node_modules/mongo/package.json
18 verbose installManyTop reading scoped package data from /Users/sbfestival/dev/project1/node_modules/mongoose/package.json
19 verbose installManyTop reading scoped package data from /Users/sbfestival/dev/project1/node_modules/underscore/package.json
20 info package.json bcrypt@0.8.3 No license field.
21 info package.json mongo@0.1.0 No repository field.
22 info package.json mongo@0.1.0 No README data
23 info package.json mongo@0.1.0 No license field.
24 verbose readDependencies loading dependencies from /Users/sbfestival/dev/project1/package.json
25 verbose targetResolver reading package data from /Users/sbfestival/dev/project1/node_modules/bcrypt/package.json
26 verbose targetResolver reading package data from /Users/sbfestival/dev/project1/node_modules/body-parser/package.json
27 verbose targetResolver reading package data from /Users/sbfestival/dev/project1/node_modules/cors/package.json
28 verbose targetResolver reading package data from /Users/sbfestival/dev/project1/node_modules/express/package.json
29 verbose targetResolver reading package data from /Users/sbfestival/dev/project1/node_modules/express-session/package.json
30 verbose targetResolver reading package data from /Users/sbfestival/dev/project1/node_modules/mongo/package.json
31 verbose targetResolver reading package data from /Users/sbfestival/dev/project1/node_modules/mongoose/package.json
32 verbose targetResolver reading package data from /Users/sbfestival/dev/project1/node_modules/underscore/package.json
33 verbose already installed skipping bcrypt@^0.8.3 /Users/sbfestival/dev/project1
34 verbose already installed skipping body-parser@^1.13.2 /Users/sbfestival/dev/project1
35 verbose already installed skipping cors@^2.7.1 /Users/sbfestival/dev/project1
36 verbose already installed skipping express@^4.13.1 /Users/sbfestival/dev/project1
37 verbose already installed skipping express-session@^1.11.3 /Users/sbfestival/dev/project1
38 verbose already installed skipping mongo@^0.1.0 /Users/sbfestival/dev/project1
39 verbose already installed skipping mongoose@^4.0.8 /Users/sbfestival/dev/project1
40 verbose already installed skipping underscore@^1.8.3 /Users/sbfestival/dev/project1
41 silly install resolved []
42 info build /Users/sbfestival/dev/project1
43 info linkStuff project1@1.0.0
44 silly linkStuff project1@1.0.0 has /Users/sbfestival/dev as its parent node_modules
45 verbose linkBins project1@1.0.0
46 verbose linkMans project1@1.0.0
47 verbose rebuildBundles project1@1.0.0
48 verbose rebuildBundles [ 'bcrypt',
48 verbose rebuildBundles   'body-parser',
48 verbose rebuildBundles   'cors',
48 verbose rebuildBundles   'express',
48 verbose rebuildBundles   'express-session',
48 verbose rebuildBundles   'mongo',
48 verbose rebuildBundles   'mongoose',
48 verbose rebuildBundles   'underscore' ]
49 info install project1@1.0.0
50 info postinstall project1@1.0.0
51 verbose unsafe-perm in lifecycle true
52 info project1@1.0.0 Failed to exec postinstall script
53 verbose stack Error: project1@1.0.0 postinstall: `node seed.js`
53 verbose stack Exit status 1
53 verbose stack     at EventEmitter.<anonymous> (/usr/local/lib/node_modules/npm/lib/utils/lifecycle.js:213:16)
53 verbose stack     at EventEmitter.emit (events.js:110:17)
53 verbose stack     at ChildProcess.<anonymous> (/usr/local/lib/node_modules/npm/lib/utils/spawn.js:24:14)
53 verbose stack     at ChildProcess.emit (events.js:110:17)
53 verbose stack     at maybeClose (child_process.js:1015:16)
53 verbose stack     at Process.ChildProcess._handle.onexit (child_process.js:1087:5)
54 verbose pkgid project1@1.0.0
55 verbose cwd /Users/sbfestival/dev/project1
56 error Darwin 14.1.0
57 error argv "node" "/usr/local/bin/npm" "install"
58 error node v0.12.5
59 error npm  v2.11.2
60 error code ELIFECYCLE
61 error project1@1.0.0 postinstall: `node seed.js`
61 error Exit status 1
62 error Failed at the project1@1.0.0 postinstall script 'node seed.js'.
62 error This is most likely a problem with the project1 package,
62 error not with npm itself.
62 error Tell the author that this fails on your system:
62 error     node seed.js
62 error You can get their info via:
62 error     npm owner ls project1
62 error There is likely additional logging output above.
63 verbose exit [ 1, true ]
